[2018-04-10 16:52:50,737] multiqc                                            [DEBUG  ]  No MultiQC config found: /export/home1/users/csb/lehmann/miniconda3/lib/python2.7/site-packages/multiqc_config.yaml
[2018-04-10 16:52:50,737] multiqc                                            [DEBUG  ]  No MultiQC config found: /users/csb/lehmann/.multiqc_config.yaml
[2018-04-10 16:52:50,742] multiqc                                            [DEBUG  ]  No MultiQC config found: multiqc_config.yaml
[2018-04-10 16:52:50,742] multiqc                                            [DEBUG  ]  Command used: /users/csb/lehmann/miniconda3/bin/multiqc --title Project 10xGenomics data demo report --filename /import/kg_csbws04/lehmann/Eoulsan/Demo/output/multiqc_output/multiqc_output_multiqcreport_all.html /scratch/8a89b01a-145b-4d18-83b7-c3dfe0d8e63e
[2018-04-10 16:52:50,890] multiqc                                            [WARNING]  MultiQC Version v1.5 now available!
[2018-04-10 16:52:50,890] multiqc                                            [INFO   ]  This is MultiQC v1.3
[2018-04-10 16:52:50,890] multiqc                                            [DEBUG  ]  Command     : /users/csb/lehmann/miniconda3/bin/multiqc --title Project 10xGenomics data demo report --filename /import/kg_csbws04/lehmann/Eoulsan/Demo/output/multiqc_output/multiqc_output_multiqcreport_all.html /scratch/8a89b01a-145b-4d18-83b7-c3dfe0d8e63e
[2018-04-10 16:52:50,890] multiqc                                            [DEBUG  ]  Working dir : /import/kg_csbws04/lehmann/Eoulsan/Demo/output/multiqc_output
[2018-04-10 16:52:50,890] multiqc                                            [INFO   ]  Template    : default
[2018-04-10 16:52:50,890] multiqc                                            [INFO   ]  Report title: Project 10xGenomics data demo report
[2018-04-10 16:52:50,890] multiqc                                            [INFO   ]  Searching '/scratch/8a89b01a-145b-4d18-83b7-c3dfe0d8e63e'
[2018-04-10 16:52:50,891] multiqc                                            [DEBUG  ]  Analysing modules: afterqc, custom_content, conpair, peddy, methylQA, qualimap, preseq, quast, qorts, rna_seqc, rsem, rseqc, busco, goleft_indexcov, disambiguate, supernova, deeptools, homer, macs2, theta2, snpeff, gatk, htseq, bcftools, featureCounts, picard, prokka, samblaster, samtools, bamtools, jellyfish, vcftools, bbmap, bismark, hicexplorer, hicup, salmon, kallisto, slamdunk, star, hisat2, tophat, bowtie2, bowtie1, leehom, adapterRemoval, cutadapt, flexbar, trimmomatic, skewer, sortmerna, biobloomtools, fastq_screen, fastqc, clusterflow, bcl2fastq, interop
[2018-04-10 16:52:50,891] multiqc                                            [DEBUG  ]  Using temporary directory for creating report: /scratch/tmp5sSwPn
[2018-04-10 16:52:52,952] multiqc                                            [DEBUG  ]  No samples found: afterqc
[2018-04-10 16:52:52,988] multiqc                                            [DEBUG  ]  No samples found: custom_content
[2018-04-10 16:52:53,012] multiqc                                            [DEBUG  ]  No samples found: conpair
[2018-04-10 16:52:53,028] multiqc                                            [DEBUG  ]  No samples found: peddy
[2018-04-10 16:52:53,042] multiqc                                            [DEBUG  ]  No samples found: methylQA
[2018-04-10 16:52:53,127] multiqc                                            [DEBUG  ]  No samples found: qualimap
[2018-04-10 16:52:53,133] multiqc                                            [DEBUG  ]  No samples found: preseq
[2018-04-10 16:52:53,138] multiqc                                            [DEBUG  ]  No samples found: quast
[2018-04-10 16:52:53,142] multiqc                                            [DEBUG  ]  No samples found: qorts
[2018-04-10 16:52:53,151] multiqc                                            [DEBUG  ]  No samples found: rna_seqc
[2018-04-10 16:52:53,155] multiqc                                            [DEBUG  ]  No samples found: rsem
[2018-04-10 16:52:53,162] multiqc                                            [DEBUG  ]  No samples found: rseqc
[2018-04-10 16:52:53,166] multiqc                                            [DEBUG  ]  No samples found: busco
[2018-04-10 16:52:53,171] multiqc                                            [DEBUG  ]  No samples found: goleft_indexcov
[2018-04-10 16:52:53,175] multiqc                                            [DEBUG  ]  No samples found: disambiguate
[2018-04-10 16:52:53,180] multiqc                                            [DEBUG  ]  No samples found: supernova
[2018-04-10 16:52:53,187] multiqc                                            [DEBUG  ]  No samples found: deeptools
[2018-04-10 16:52:53,192] multiqc                                            [DEBUG  ]  No samples found: homer
[2018-04-10 16:52:53,196] multiqc                                            [DEBUG  ]  No samples found: macs2
[2018-04-10 16:52:53,200] multiqc                                            [DEBUG  ]  No samples found: theta2
[2018-04-10 16:52:53,223] multiqc                                            [DEBUG  ]  No samples found: snpeff
[2018-04-10 16:52:53,231] multiqc                                            [DEBUG  ]  No samples found: gatk
[2018-04-10 16:52:53,235] multiqc                                            [DEBUG  ]  No samples found: htseq
[2018-04-10 16:52:53,242] multiqc                                            [DEBUG  ]  No samples found: bcftools
[2018-04-10 16:52:53,246] multiqc                                            [DEBUG  ]  No samples found: featureCounts
[2018-04-10 16:52:53,256] multiqc                                            [DEBUG  ]  No samples found: picard
[2018-04-10 16:52:53,261] multiqc                                            [DEBUG  ]  No samples found: prokka
[2018-04-10 16:52:53,265] multiqc                                            [DEBUG  ]  No samples found: samblaster
[2018-04-10 16:52:53,273] multiqc                                            [DEBUG  ]  No samples found: samtools
[2018-04-10 16:52:53,278] multiqc                                            [DEBUG  ]  No samples found: bamtools
[2018-04-10 16:52:53,282] multiqc                                            [DEBUG  ]  No samples found: jellyfish
[2018-04-10 16:52:53,289] multiqc                                            [DEBUG  ]  No samples found: vcftools
[2018-04-10 16:52:53,297] multiqc                                            [DEBUG  ]  No samples found: bbmap
[2018-04-10 16:52:53,302] multiqc                                            [DEBUG  ]  No samples found: bismark
[2018-04-10 16:52:53,306] multiqc                                            [DEBUG  ]  No samples found: hicexplorer
[2018-04-10 16:52:53,310] multiqc                                            [DEBUG  ]  No samples found: hicup
[2018-04-10 16:52:53,315] multiqc                                            [DEBUG  ]  No samples found: salmon
[2018-04-10 16:52:53,319] multiqc                                            [DEBUG  ]  No samples found: kallisto
[2018-04-10 16:52:53,333] multiqc                                            [DEBUG  ]  No samples found: slamdunk
[2018-04-10 16:52:53,410] multiqc.modules.star.star                          [INFO   ]  Found 1 reports
[2018-04-10 16:52:53,429] multiqc                                            [DEBUG  ]  No samples found: hisat2
[2018-04-10 16:52:53,433] multiqc                                            [DEBUG  ]  No samples found: tophat
[2018-04-10 16:52:53,438] multiqc                                            [DEBUG  ]  No samples found: bowtie2
[2018-04-10 16:52:53,442] multiqc                                            [DEBUG  ]  No samples found: bowtie1
[2018-04-10 16:52:53,447] multiqc                                            [DEBUG  ]  No samples found: leehom
[2018-04-10 16:52:53,451] multiqc                                            [DEBUG  ]  No samples found: adapterRemoval
[2018-04-10 16:52:53,456] multiqc                                            [DEBUG  ]  No samples found: cutadapt
[2018-04-10 16:52:53,460] multiqc                                            [DEBUG  ]  No samples found: flexbar
[2018-04-10 16:52:53,465] multiqc                                            [DEBUG  ]  No samples found: trimmomatic
[2018-04-10 16:52:53,469] multiqc                                            [DEBUG  ]  No samples found: skewer
[2018-04-10 16:52:53,474] multiqc                                            [DEBUG  ]  No samples found: sortmerna
[2018-04-10 16:52:53,478] multiqc                                            [DEBUG  ]  No samples found: biobloomtools
[2018-04-10 16:52:53,498] multiqc                                            [DEBUG  ]  No samples found: fastq_screen
[2018-04-10 16:52:53,977] multiqc.modules.fastqc.fastqc                      [INFO   ]  Found 2 reports
[2018-04-10 16:52:54,105] multiqc                                            [DEBUG  ]  No samples found: clusterflow
[2018-04-10 16:52:54,110] multiqc                                            [DEBUG  ]  No samples found: bcl2fastq
[2018-04-10 16:52:54,114] multiqc                                            [DEBUG  ]  No samples found: interop
[2018-04-10 16:52:54,120] multiqc                                            [INFO   ]  Compressing plot data
[2018-04-10 16:52:54,283] multiqc                                            [INFO   ]  Report      : multiqc_output_multiqcreport_all.html
[2018-04-10 16:52:54,283] multiqc                                            [INFO   ]  Data        : multiqc_output_multiqcreport_all_data
[2018-04-10 16:52:54,287] multiqc                                            [DEBUG  ]  Moving data file from '/scratch/tmp5sSwPn/multiqc_data/multiqc_sources.txt' to '/import/kg_csbws04/lehmann/Eoulsan/Demo/output/multiqc_output/multiqc_output_multiqcreport_all_data'
[2018-04-10 16:52:55,650] multiqc                                            [DEBUG  ]  Moving data file from '/scratch/tmp5sSwPn/multiqc_data/multiqc_data.json' to '/import/kg_csbws04/lehmann/Eoulsan/Demo/output/multiqc_output/multiqc_output_multiqcreport_all_data'
[2018-04-10 16:52:56,059] multiqc                                            [DEBUG  ]  Moving data file from '/scratch/tmp5sSwPn/multiqc_data/multiqc_fastqc.txt' to '/import/kg_csbws04/lehmann/Eoulsan/Demo/output/multiqc_output/multiqc_output_multiqcreport_all_data'
[2018-04-10 16:52:57,098] multiqc                                            [DEBUG  ]  Moving data file from '/scratch/tmp5sSwPn/multiqc_data/multiqc_star.txt' to '/import/kg_csbws04/lehmann/Eoulsan/Demo/output/multiqc_output/multiqc_output_multiqcreport_all_data'
[2018-04-10 16:52:57,718] multiqc                                            [DEBUG  ]  Moving data file from '/scratch/tmp5sSwPn/multiqc_data/multiqc_general_stats.txt' to '/import/kg_csbws04/lehmann/Eoulsan/Demo/output/multiqc_output/multiqc_output_multiqcreport_all_data'
[2018-04-10 16:52:58,784] multiqc                                            [INFO   ]  MultiQC complete
