# output generated by whitelist --stdin /import/kg_csbws04/lehmann/Eoulsan/Demo/output/eoulsan-20180410-162457/working/step1filterreads_output_reads_hgmm100R1_file0.fq --bc-pattern=CCCCCCCCCCCCCCCCNNNNNNNNNN --plot-prefix=step2whitelist_output_whitelist_hgmm100R1 --log2stderr
# job started at Tue Apr 10 14:27:09 2018 on 4119e1b165ea -- e4d780da-6b56-41cb-ba41-b9134aae2d61
# pid: 20, system: Linux 3.13.0-77-generic #121-Ubuntu SMP Wed Jan 20 10:50:42 UTC 2016 x86_64
# blacklist_tsv                           : None
# cell_number                             : False
# compresslevel                           : 6
# error_correct_threshold                 : 1
# expect_cells                            : False
# extract_method                          : string
# filter_cell_barcodes                    : False
# log2stderr                              : True
# loglevel                                : 1
# method                                  : reads
# pattern                                 : CCCCCCCCCCCCCCCCNNNNNNNNNN
# pattern2                                : None
# plot_prefix                             : step2whitelist_output_whitelist_hgmm100R1
# prime3                                  : None
# random_seed                             : None
# read2_in                                : None
# short_help                              : None
# stderr                                  : <open file '<stderr>', mode 'w' at 0x7f5b970081e0>
# stdin                                   : <open file '/import/kg_csbws04/lehmann/Eoulsan/Demo/output/eoulsan-20180410-162457/working/step1filterreads_output_reads_hgmm100R1_file0.fq', mode 'r' at 0x7f5b8dc53ae0>
# stdlog                                  : <open file '<stderr>', mode 'w' at 0x7f5b970081e0>
# stdout                                  : <open file '<stdout>', mode 'w' at 0x7f5b97008150>
# subset_reads                            : 100000000
# timeit_file                             : None
# timeit_header                           : None
# timeit_name                             : all
# whitelist_tsv                           : None
2018-04-10 14:27:09,644 INFO Starting barcode extraction
2018-04-10 14:27:09,735 INFO Parsed 0 reads
2018-04-10 14:27:10,957 INFO Parsed 100000 reads
2018-04-10 14:27:12,122 INFO Parsed 200000 reads
2018-04-10 14:27:13,082 INFO Parsed 300000 reads
2018-04-10 14:27:14,023 INFO Parsed 400000 reads
2018-04-10 14:27:14,979 INFO Parsed 500000 reads
2018-04-10 14:27:16,078 INFO Parsed 600000 reads
2018-04-10 14:27:17,051 INFO Parsed 700000 reads
2018-04-10 14:27:18,056 INFO Parsed 800000 reads
2018-04-10 14:27:19,057 INFO Parsed 900000 reads
2018-04-10 14:27:20,048 INFO Parsed 1000000 reads
2018-04-10 14:27:21,017 INFO Parsed 1100000 reads
2018-04-10 14:27:22,016 INFO Parsed 1200000 reads
2018-04-10 14:27:23,000 INFO Parsed 1300000 reads
2018-04-10 14:27:23,996 INFO Parsed 1400000 reads
2018-04-10 14:27:25,015 INFO Parsed 1500000 reads
2018-04-10 14:27:25,993 INFO Parsed 1600000 reads
2018-04-10 14:27:26,976 INFO Parsed 1700000 reads
2018-04-10 14:27:27,982 INFO Parsed 1800000 reads
2018-04-10 14:27:29,044 INFO Parsed 1900000 reads
2018-04-10 14:27:30,022 INFO Parsed 2000000 reads
2018-04-10 14:27:31,053 INFO Parsed 2100000 reads
2018-04-10 14:27:32,032 INFO Parsed 2200000 reads
2018-04-10 14:27:33,027 INFO Parsed 2300000 reads
2018-04-10 14:27:34,002 INFO Parsed 2400000 reads
2018-04-10 14:27:35,012 INFO Parsed 2500000 reads
2018-04-10 14:27:36,021 INFO Parsed 2600000 reads
2018-04-10 14:27:37,007 INFO Parsed 2700000 reads
2018-04-10 14:27:37,993 INFO Parsed 2800000 reads
2018-04-10 14:27:38,958 INFO Parsed 2900000 reads
2018-04-10 14:27:39,990 INFO Parsed 3000000 reads
2018-04-10 14:27:40,951 INFO Parsed 3100000 reads
2018-04-10 14:27:41,948 INFO Parsed 3200000 reads
2018-04-10 14:27:42,912 INFO Parsed 3300000 reads
2018-04-10 14:27:43,921 INFO Parsed 3400000 reads
2018-04-10 14:27:44,937 INFO Parsed 3500000 reads
2018-04-10 14:27:45,926 INFO Parsed 3600000 reads
2018-04-10 14:27:46,897 INFO Parsed 3700000 reads
2018-04-10 14:27:47,884 INFO Parsed 3800000 reads
2018-04-10 14:27:48,861 INFO Parsed 3900000 reads
2018-04-10 14:27:49,826 INFO Parsed 4000000 reads
2018-04-10 14:27:50,836 INFO Parsed 4100000 reads
2018-04-10 14:27:51,800 INFO Parsed 4200000 reads
2018-04-10 14:27:52,807 INFO Parsed 4300000 reads
2018-04-10 14:27:53,777 INFO Parsed 4400000 reads
2018-04-10 14:27:54,769 INFO Parsed 4500000 reads
2018-04-10 14:27:55,730 INFO Parsed 4600000 reads
2018-04-10 14:27:56,725 INFO Parsed 4700000 reads
2018-04-10 14:27:57,684 INFO Parsed 4800000 reads
2018-04-10 14:27:58,681 INFO Parsed 4900000 reads
2018-04-10 14:28:00,349 INFO Parsed 5000000 reads
2018-04-10 14:28:01,351 INFO Parsed 5100000 reads
2018-04-10 14:28:02,336 INFO Parsed 5200000 reads
2018-04-10 14:28:03,305 INFO Parsed 5300000 reads
2018-04-10 14:28:04,294 INFO Parsed 5400000 reads
2018-04-10 14:28:05,274 INFO Parsed 5500000 reads
2018-04-10 14:28:06,272 INFO Parsed 5600000 reads
2018-04-10 14:28:07,253 INFO Parsed 5700000 reads
2018-04-10 14:28:08,287 INFO Parsed 5800000 reads
2018-04-10 14:28:09,252 INFO Parsed 5900000 reads
2018-04-10 14:28:10,228 INFO Parsed 6000000 reads
2018-04-10 14:28:11,196 INFO Parsed 6100000 reads
2018-04-10 14:28:12,162 INFO Parsed 6200000 reads
2018-04-10 14:28:12,724 INFO Starting - whitelist determination
/usr/local/lib/python2.7/dist-packages/matplotlib/axes/_base.py:3129: UserWarning: Attempted to set non-positive xlimits for log-scale axis; invalid limits will be ignored.
  'Attempted to set non-positive xlimits for log-scale axis; '
2018-04-10 14:28:22,108 INFO Finished - whitelist determination
2018-04-10 14:28:22,108 INFO Starting - finding putative error cell barcodes
2018-04-10 14:28:24,713 INFO Finished - finding putative error cell barcodes
2018-04-10 14:28:24,713 INFO Writing out whitelist
2018-04-10 14:28:24,721 INFO Parsed 6260070 reads
2018-04-10 14:28:24,721 INFO 6260070 reads matched the barcode pattern
2018-04-10 14:28:24,721 INFO Found 160397 unique cell barcodes
# job finished in 75 seconds at Tue Apr 10 14:28:24 2018 -- 73.49  4.13  0.00  0.00 -- e4d780da-6b56-41cb-ba41-b9134aae2d61
